#
# There is insufficient memory for the Java Runtime Environment to continue.
# Native memory allocation (malloc) failed to allocate 1048576 bytes. Error detail: AllocateHeap
# Possible reasons:
#   The system is out of physical RAM or swap space
#   This process is running with CompressedOops enabled, and the Java Heap may be blocking the growth of the native heap
# Possible solutions:
#   Reduce memory load on the system
#   Increase physical memory or swap space
#   Check if swap backing store is full
#   Decrease Java heap size (-Xmx/-Xms)
#   Decrease number of Java threads
#   Decrease Java thread stack sizes (-Xss)
#   Set larger code cache with -XX:ReservedCodeCacheSize=
#   JVM is running with Unscaled Compressed Oops mode in which the Java heap is
#     placed in the first 4GB address space. The Java Heap base address is the
#     maximum limit for the native heap growth. Please use -XX:HeapBaseMinAddress
#     to set the Java Heap base and to place the Java Heap above 4GB virtual address.
# This output file may be truncated or incomplete.
#
#  Out of Memory Error (allocation.cpp:44), pid=12588, tid=12996
#
# JRE version: OpenJDK Runtime Environment Temurin-21.0.10+7 (21.0.10+7) (build 21.0.10+7-LTS)
# Java VM: OpenJDK 64-Bit Server VM Temurin-21.0.10+7 (21.0.10+7-LTS, mixed mode, sharing, tiered, compressed oops, compressed class ptrs, parallel gc, windows-amd64)
# No core dump will be written. Minidumps are not enabled by default on client versions of Windows
#

---------------  S U M M A R Y ------------

Command Line: --add-modules=ALL-SYSTEM --add-opens=java.base/java.util=ALL-UNNAMED --add-opens=java.base/java.lang=ALL-UNNAMED --add-opens=java.base/sun.nio.fs=ALL-UNNAMED -Declipse.application=org.eclipse.jdt.ls.core.id1 -Dosgi.bundles.defaultStartLevel=4 -Declipse.product=org.eclipse.jdt.ls.core.product -Djava.import.generatesMetadataFilesAtProjectRoot=false -DDetectVMInstallationsJob.disabled=true -Dfile.encoding=utf8 -XX:+UseParallelGC -XX:GCTimeRatio=4 -XX:AdaptiveSizePolicyWeight=90 -Dsun.zip.disableMemoryMapping=true -Xmx2G -Xms100m -Xlog:disable -javaagent:c:\Users\feisa\.vscode\extensions\redhat.java-1.54.0-win32-x64\lombok\lombok-1.18.39-4050.jar -XX:+HeapDumpOnOutOfMemoryError -XX:HeapDumpPath=c:\Users\feisa\AppData\Roaming\Code\User\workspaceStorage\78bdfc1417ef1311412574369aa8d18c\redhat.java -Daether.dependencyCollector.impl=bf c:\Users\feisa\.vscode\extensions\redhat.java-1.54.0-win32-x64\server\plugins\org.eclipse.equinox.launcher_1.7.100.v20251111-0406.jar -configuration c:\Users\feisa\AppData\Roaming\Code\User\globalStorage\redhat.java\1.54.0\config_win -data c:\Users\feisa\AppData\Roaming\Code\User\workspaceStorage\78bdfc1417ef1311412574369aa8d18c\redhat.java\jdt_ws --pipe=\\.\pipe\lsp-2caa41f109278042ad22dbf1d0f9b791-sock

Host: AMD Ryzen 5 3500U with Radeon Vega Mobile Gfx  , 8 cores, 5G,  Windows 11 , 64 bit Build 26100 (10.0.26100.8521)
Time: Wed Jun 10 15:16:46 2026 SE Asia Standard Time elapsed time: 30414.314179 seconds (0d 8h 26m 54s)

---------------  T H R E A D  ---------------

Current thread (0x000002b1662d8e30):  JavaThread "Attach Listener" daemon [_thread_in_vm, id=12996, stack(0x000000fd2e300000,0x000000fd2e400000) (1024K)]

Stack: [0x000000fd2e300000,0x000000fd2e400000]
Native frames: (J=compiled Java code, j=interpreted, Vv=VM code, C=native code)
V  [jvm.dll+0x6d7a39]
V  [jvm.dll+0x8b4b26]
V  [jvm.dll+0x8b70de]
V  [jvm.dll+0x8b77c3]
V  [jvm.dll+0x284346]
V  [jvm.dll+0xc1277]
V  [jvm.dll+0x6d82e9]
V  [jvm.dll+0x1334a6]
V  [jvm.dll+0x3f857e]
V  [jvm.dll+0x85f59d]
V  [jvm.dll+0x6d626d]
C  [ucrtbase.dll+0x2cd30]
C  [KERNEL32.DLL+0x2e957]
C  [ntdll.dll+0x87c1c]


---------------  P R O C E S S  ---------------

Threads class SMR info:
_java_thread_list=0x000002b16c06ed50, length=38, elements={
0x000002b14f862150, 0x000002b14f91d700, 0x000002b14f91e8d0, 0x000002b1662d6c70,
0x000002b1662d8e30, 0x000002b1662dbb00, 0x000002b1662dc910, 0x000002b1662dd750,
0x000002b167bba0a0, 0x000002b167dae1e0, 0x000002b167e46560, 0x000002b16c8e1a00,
0x000002b16c7fbf50, 0x000002b167be4a10, 0x000002b16c7fb8a0, 0x000002b16c5d4a50,
0x000002b16d96a480, 0x000002b16c19cfd0, 0x000002b16cde57b0, 0x000002b16cde4400,
0x000002b16cde29c0, 0x000002b16cbd0440, 0x000002b16cbce370, 0x000002b16cbcea00,
0x000002b16cbd0ad0, 0x000002b16cbcf090, 0x000002b16cbcf720, 0x000002b16cbcfdb0,
0x000002b16cbcd650, 0x000002b16cbd1160, 0x000002b16cbcdce0, 0x000002b16cbd2510,
0x000002b16de13d20, 0x000002b16f14d650, 0x000002b16de12970, 0x000002b16de10f30,
0x000002b16de13690, 0x000002b16de11c50
}

Java Threads: ( => current thread )
  0x000002b14f862150 JavaThread "main"                              [_thread_blocked, id=856, stack(0x000000fd2dc00000,0x000000fd2dd00000) (1024K)]
  0x000002b14f91d700 JavaThread "Reference Handler"          daemon [_thread_blocked, id=12436, stack(0x000000fd2e000000,0x000000fd2e100000) (1024K)]
  0x000002b14f91e8d0 JavaThread "Finalizer"                  daemon [_thread_blocked, id=3756, stack(0x000000fd2e100000,0x000000fd2e200000) (1024K)]
  0x000002b1662d6c70 JavaThread "Signal Dispatcher"          daemon [_thread_blocked, id=15220, stack(0x000000fd2e200000,0x000000fd2e300000) (1024K)]
=>0x000002b1662d8e30 JavaThread "Attach Listener"            daemon [_thread_in_vm, id=12996, stack(0x000000fd2e300000,0x000000fd2e400000) (1024K)]
  0x000002b1662dbb00 JavaThread "Service Thread"             daemon [_thread_blocked, id=17496, stack(0x000000fd2e400000,0x000000fd2e500000) (1024K)]
  0x000002b1662dc910 JavaThread "Monitor Deflation Thread"   daemon [_thread_blocked, id=5672, stack(0x000000fd2e500000,0x000000fd2e600000) (1024K)]
  0x000002b1662dd750 JavaThread "C2 CompilerThread0"         daemon [_thread_blocked, id=13280, stack(0x000000fd2e600000,0x000000fd2e700000) (1024K)]
  0x000002b167bba0a0 JavaThread "C1 CompilerThread0"         daemon [_thread_blocked, id=17688, stack(0x000000fd2e700000,0x000000fd2e800000) (1024K)]
  0x000002b167dae1e0 JavaThread "Common-Cleaner"             daemon [_thread_blocked, id=12992, stack(0x000000fd2e800000,0x000000fd2e900000) (1024K)]
  0x000002b167e46560 JavaThread "Notification Thread"        daemon [_thread_blocked, id=17320, stack(0x000000fd2e900000,0x000000fd2ea00000) (1024K)]
  0x000002b16c8e1a00 JavaThread "Active Thread: Equinox Container: 571ccdb5-4f86-41ab-9e66-053440bde4e6"        [_thread_blocked, id=14092, stack(0x000000fd2f000000,0x000000fd2f100000) (1024K)]
  0x000002b16c7fbf50 JavaThread "Refresh Thread: Equinox Container: 571ccdb5-4f86-41ab-9e66-053440bde4e6" daemon [_thread_blocked, id=204, stack(0x000000fd2f300000,0x000000fd2f400000) (1024K)]
  0x000002b167be4a10 JavaThread "Framework Event Dispatcher: Equinox Container: 571ccdb5-4f86-41ab-9e66-053440bde4e6" daemon [_thread_blocked, id=6696, stack(0x000000fd2f400000,0x000000fd2f500000) (1024K)]
  0x000002b16c7fb8a0 JavaThread "Start Level: Equinox Container: 571ccdb5-4f86-41ab-9e66-053440bde4e6" daemon [_thread_blocked, id=17732, stack(0x000000fd2f200000,0x000000fd2f300000) (1024K)]
  0x000002b16c5d4a50 JavaThread "Bundle File Closer"         daemon [_thread_blocked, id=17784, stack(0x000000fd2f500000,0x000000fd2f600000) (1024K)]
  0x000002b16d96a480 JavaThread "SCR Component Actor"        daemon [_thread_blocked, id=5336, stack(0x000000fd2da00000,0x000000fd2db00000) (1024K)]
  0x000002b16c19cfd0 JavaThread "Worker-JM"                         [_thread_blocked, id=8180, stack(0x000000fd2f800000,0x000000fd2f900000) (1024K)]
  0x000002b16cde57b0 JavaThread "JNA Cleaner"                daemon [_thread_blocked, id=12904, stack(0x000000fd2f600000,0x000000fd2f700000) (1024K)]
  0x000002b16cde4400 JavaThread "Java indexing"              daemon [_thread_blocked, id=11944, stack(0x000000fd2fd00000,0x000000fd2fe00000) (1024K)]
  0x000002b16cde29c0 JavaThread "Thread-1"                   daemon [_thread_in_native, id=4480, stack(0x000000fd30300000,0x000000fd30400000) (1024K)]
  0x000002b16cbd0440 JavaThread "Thread-2"                   daemon [_thread_in_native, id=2504, stack(0x000000fd30400000,0x000000fd30500000) (1024K)]
  0x000002b16cbce370 JavaThread "Thread-3"                   daemon [_thread_in_native, id=8020, stack(0x000000fd30500000,0x000000fd30600000) (1024K)]
  0x000002b16cbcea00 JavaThread "Thread-4"                   daemon [_thread_in_native, id=4104, stack(0x000000fd30600000,0x000000fd30700000) (1024K)]
  0x000002b16cbd0ad0 JavaThread "Thread-5"                   daemon [_thread_in_native, id=980, stack(0x000000fd30700000,0x000000fd30800000) (1024K)]
  0x000002b16cbcf090 JavaThread "Thread-6"                   daemon [_thread_in_native, id=5840, stack(0x000000fd30800000,0x000000fd30900000) (1024K)]
  0x000002b16cbcf720 JavaThread "Thread-7"                   daemon [_thread_in_native, id=11284, stack(0x000000fd30900000,0x000000fd30a00000) (1024K)]
  0x000002b16cbcfdb0 JavaThread "Thread-8"                   daemon [_thread_in_native, id=352, stack(0x000000fd30a00000,0x000000fd30b00000) (1024K)]
  0x000002b16cbcd650 JavaThread "Thread-9"                   daemon [_thread_in_native, id=14216, stack(0x000000fd30b00000,0x000000fd30c00000) (1024K)]
  0x000002b16cbd1160 JavaThread "pool-2-thread-1"                   [_thread_blocked, id=2476, stack(0x000000fd30c00000,0x000000fd30d00000) (1024K)]
  0x000002b16cbcdce0 JavaThread "WorkspaceEventsHandler"            [_thread_blocked, id=7180, stack(0x000000fd30d00000,0x000000fd30e00000) (1024K)]
  0x000002b16cbd2510 JavaThread "pool-1-thread-1"                   [_thread_blocked, id=15004, stack(0x000000fd30e00000,0x000000fd30f00000) (1024K)]
  0x000002b16de13d20 JavaThread "Cleaner-0"                  daemon [_thread_blocked, id=5108, stack(0x000000fd32a00000,0x000000fd32b00000) (1024K)]
  0x000002b16f14d650 JavaThread "Worker-6"                          [_thread_blocked, id=10404, stack(0x000000fd2fa00000,0x000000fd2fb00000) (1024K)]
  0x000002b16de12970 JavaThread "Worker-8"                          [_thread_blocked, id=1096, stack(0x000000fd2fb00000,0x000000fd2fc00000) (1024K)]
  0x000002b16de10f30 JavaThread "Java Debug Server"          daemon [_thread_in_native, id=15464, stack(0x000000fd2ff00000,0x000000fd30000000) (1024K)]
  0x000002b16de13690 JavaThread "RxSchedulerPurge-1"         daemon [_thread_blocked, id=18072, stack(0x000000fd2db00000,0x000000fd2dc00000) (1024K)]
  0x000002b16de11c50 JavaThread "RxCachedWorkerPoolEvictor-1" daemon [_thread_blocked, id=14928, stack(0x000000fd2fc00000,0x000000fd2fd00000) (1024K)]
Total: 38

Other Threads:
  0x000002b14f902c10 VMThread "VM Thread"                           [id=5688, stack(0x000000fd2df00000,0x000000fd2e000000) (1024K)]
  0x000002b1661eca00 WatcherThread "VM Periodic Task Thread"        [id=7948, stack(0x000000fd2de00000,0x000000fd2df00000) (1024K)]
  0x000002b14f8809c0 WorkerThread "GC Thread#0"                     [id=4716, stack(0x000000fd2dd00000,0x000000fd2de00000) (1024K)]
  0x000002b16c304360 WorkerThread "GC Thread#1"                     [id=8252, stack(0x000000fd2ea00000,0x000000fd2eb00000) (1024K)]
  0x000002b16c304710 WorkerThread "GC Thread#2"                     [id=16920, stack(0x000000fd2eb00000,0x000000fd2ec00000) (1024K)]
  0x000002b16c238650 WorkerThread "GC Thread#3"                     [id=13496, stack(0x000000fd2ec00000,0x000000fd2ed00000) (1024K)]
  0x000002b16c238a00 WorkerThread "GC Thread#4"                     [id=12892, stack(0x000000fd2ed00000,0x000000fd2ee00000) (1024K)]
  0x000002b16c238db0 WorkerThread "GC Thread#5"                     [id=8728, stack(0x000000fd2ee00000,0x000000fd2ef00000) (1024K)]
  0x000002b16c23d300 WorkerThread "GC Thread#6"                     [id=17544, stack(0x000000fd2ef00000,0x000000fd2f000000) (1024K)]
  0x000002b167d47d30 WorkerThread "GC Thread#7"                     [id=936, stack(0x000000fd2f100000,0x000000fd2f200000) (1024K)]
Total: 10

Threads with active compile tasks:
Total: 0

VM state: not at safepoint (normal execution)

VM Mutex/Monitor currently owned by a thread: None

Heap address: 0x0000000080000000, size: 2048 MB, Compressed Oops mode: 32-bit

CDS archive(s) mapped at: [0x000002b100000000-0x000002b100ba0000-0x000002b100ba0000), size 12189696, SharedBaseAddress: 0x000002b100000000, ArchiveRelocationMode: 1.
Compressed class space mapped at: 0x000002b101000000-0x000002b141000000, reserved size: 1073741824
Narrow klass base: 0x000002b100000000, Narrow klass shift: 0, Narrow klass range: 0x100000000

GC Precious Log:
 CardTable entry size: 512
 CPUs: 8 total, 8 available
 Memory: 6081M
 Large Page Support: Disabled
 NUMA Support: Disabled
 Compressed Oops: Enabled (32-bit)
 Alignments: Space 512K, Generation 512K, Heap 2M
 Heap Min Capacity: 100M
 Heap Initial Capacity: 100M
 Heap Max Capacity: 2G
 Pre-touch: Disabled
 Parallel Workers: 8

Heap:
 PSYoungGen      total 5632K, used 5135K [0x00000000d5580000, 0x00000000d5d80000, 0x0000000100000000)
  eden space 5120K, 98% used [0x00000000d5580000,0x00000000d5a6bf68,0x00000000d5a80000)
  from space 512K, 18% used [0x00000000d5d00000,0x00000000d5d18000,0x00000000d5d80000)
  to   space 512K, 0% used [0x00000000d5c80000,0x00000000d5c80000,0x00000000d5d00000)
 ParOldGen       total 731648K, used 174123K [0x0000000080000000, 0x00000000aca80000, 0x00000000d5580000)
  object space 731648K, 23% used [0x0000000080000000,0x000000008aa0acc8,0x00000000aca80000)
 Metaspace       used 83387K, committed 85120K, reserved 1179648K
  class space    used 8536K, committed 9344K, reserved 1048576K

Card table byte_map: [0x000002b14f200000,0x000002b14f610000] _byte_map_base: 0x000002b14ee00000

Marking Bits: (ParMarkBitMap*) 0x00007ffcd4703450
 Begin Bits: [0x000002b161d10000, 0x000002b163d10000)
 End Bits:   [0x000002b163d10000, 0x000002b165d10000)

Polling page: 0x000002b14d920000

Metaspace:

Usage:
  Non-class:     73.10 MB used.
      Class:      8.34 MB used.
       Both:     81.43 MB used.

Virtual space:
  Non-class space:      128.00 MB reserved,      74.00 MB ( 58%) committed,  2 nodes.
      Class space:        1.00 GB reserved,       9.12 MB ( <1%) committed,  1 nodes.
             Both:        1.12 GB reserved,      83.12 MB (  7%) committed. 

Chunk freelists:
   Non-Class:  5.40 MB
       Class:  6.86 MB
        Both:  12.25 MB

MaxMetaspaceSize: unlimited
CompressedClassSpaceSize: 1.00 GB
Initial GC threshold: 21.00 MB
Current GC threshold: 131.81 MB
CDS: on
 - commit_granule_bytes: 65536.
 - commit_granule_words: 8192.
 - virtual_space_node_default_size: 8388608.
 - enlarge_chunks_in_place: 1.
 - use_allocation_guard: 0.


Internal statistics:

num_allocs_failed_limit: 11.
num_arena_births: 1550.
num_arena_deaths: 34.
num_vsnodes_births: 3.
num_vsnodes_deaths: 0.
num_space_committed: 1330.
num_space_uncommitted: 0.
num_chunks_returned_to_freelist: 50.
num_chunks_taken_from_freelist: 5778.
num_chunk_merges: 18.
num_chunk_splits: 3468.
num_chunks_enlarged: 1936.
num_inconsistent_stats: 0.

CodeHeap 'non-profiled nmethods': size=120000Kb used=20941Kb max_used=22745Kb free=99058Kb
 bounds [0x000002b15a530000, 0x000002b15bb70000, 0x000002b161a60000]
CodeHeap 'profiled nmethods': size=120000Kb used=40077Kb max_used=48720Kb free=79922Kb
 bounds [0x000002b152a60000, 0x000002b155a00000, 0x000002b159f90000]
CodeHeap 'non-nmethods': size=5760Kb used=1493Kb max_used=1578Kb free=4266Kb
 bounds [0x000002b159f90000, 0x000002b15a200000, 0x000002b15a530000]
CodeCache: size=245760Kb, used=62511Kb, max_used=73043Kb, free=183246Kb
 total_blobs=17294, nmethods=16480, adapters=715, full_count=0
Compilation: enabled, stopped_count=0, restarted_count=0

Compilation events (20 events):
Event: 24022.939 Thread 0x000002b167bba0a0 21706       3       java.util.HashMap$Node::setValue (12 bytes)
Event: 24022.944 Thread 0x000002b167bba0a0 nmethod 21706 0x000002b1530fe510 code [0x000002b1530fe6a0, 0x000002b1530fe7c8]
Event: 24271.338 Thread 0x000002b167bba0a0 21707       3       java.util.logging.Logger::getLogger (8 bytes)
Event: 24271.343 Thread 0x000002b167bba0a0 nmethod 21707 0x000002b15336fe10 code [0x000002b15336ffe0, 0x000002b1533701a0]
Event: 24271.343 Thread 0x000002b167bba0a0 21708       3       java.util.logging.Logger::getLogger (7 bytes)
Event: 24271.343 Thread 0x000002b167bba0a0 nmethod 21708 0x000002b1530ffc10 code [0x000002b1530ffdc0, 0x000002b1530ffee8]
Event: 24271.343 Thread 0x000002b167bba0a0 21709       3       java.util.logging.Logger::demandLogger (36 bytes)
Event: 24271.353 Thread 0x000002b167bba0a0 nmethod 21709 0x000002b15371ca90 code [0x000002b15371cd20, 0x000002b15371d7d0]
Event: 24322.099 Thread 0x000002b167bba0a0 21710   !   3       org.eclipse.osgi.container.ModuleDatabase::getTimestamp (25 bytes)
Event: 24322.172 Thread 0x000002b167bba0a0 nmethod 21710 0x000002b153feb890 code [0x000002b153febae0, 0x000002b153fec428]
Event: 24412.132 Thread 0x000002b167bba0a0 21711       3       org.eclipse.osgi.storage.Storage::isReadOnly (10 bytes)
Event: 24412.143 Thread 0x000002b167bba0a0 nmethod 21711 0x000002b1535c8410 code [0x000002b1535c85c0, 0x000002b1535c8740]
Event: 24682.206 Thread 0x000002b167bba0a0 21712   !   3       org.eclipse.osgi.internal.framework.StorageSaver$StorageSaverTask::run (31 bytes)
Event: 24682.274 Thread 0x000002b167bba0a0 nmethod 21712 0x000002b15421f790 code [0x000002b15421f960, 0x000002b15421fc00]
Event: 27820.267 Thread 0x000002b1662dd750 21715       4       java.util.HashMap::putIfAbsent (13 bytes)
Event: 27820.533 Thread 0x000002b1662dd750 nmethod 21715 0x000002b15aa8f410 code [0x000002b15aa8f640, 0x000002b15aa8fdf0]
Event: 28720.297 Thread 0x000002b167bba0a0 21716       3       org.eclipse.core.internal.jobs.JobQueue::enqueue (83 bytes)
Event: 28720.351 Thread 0x000002b167bba0a0 nmethod 21716 0x000002b153bd0190 code [0x000002b153bd03e0, 0x000002b153bd0c80]
Event: 28780.281 Thread 0x000002b167bba0a0 21717   !   3       org.eclipse.osgi.storage.Storage::save (62 bytes)
Event: 28780.343 Thread 0x000002b167bba0a0 nmethod 21717 0x000002b15428c390 code [0x000002b15428c560, 0x000002b15428c8b0]

GC Heap History (20 events):
Event: 2292.568 GC heap before
{Heap before GC invocations=1930 (full 5):
 PSYoungGen      total 5120K, used 5010K [0x00000000d5580000, 0x00000000d5b80000, 0x0000000100000000)
  eden space 4096K, 100% used [0x00000000d5580000,0x00000000d5980000,0x00000000d5980000)
  from space 1024K, 89% used [0x00000000d5a80000,0x00000000d5b64ab8,0x00000000d5b80000)
  to   space 1024K, 0% used [0x00000000d5980000,0x00000000d5980000,0x00000000d5a80000)
 ParOldGen       total 731648K, used 167486K [0x0000000080000000, 0x00000000aca80000, 0x00000000d5580000)
  object space 731648K, 22% used [0x0000000080000000,0x000000008a38f870,0x00000000aca80000)
 Metaspace       used 83311K, committed 85120K, reserved 1179648K
  class space    used 8533K, committed 9344K, reserved 1048576K
}
Event: 2292.576 GC heap after
{Heap after GC invocations=1930 (full 5):
 PSYoungGen      total 5120K, used 1024K [0x00000000d5580000, 0x00000000d5f80000, 0x0000000100000000)
  eden space 4096K, 0% used [0x00000000d5580000,0x00000000d5580000,0x00000000d5980000)
  from space 1024K, 100% used [0x00000000d5980000,0x00000000d5a80000,0x00000000d5a80000)
  to   space 2560K, 0% used [0x00000000d5d00000,0x00000000d5d00000,0x00000000d5f80000)
 ParOldGen       total 731648K, used 168599K [0x0000000080000000, 0x00000000aca80000, 0x00000000d5580000)
  object space 731648K, 23% used [0x0000000080000000,0x000000008a4a5d78,0x00000000aca80000)
 Metaspace       used 83311K, committed 85120K, reserved 1179648K
  class space    used 8533K, committed 9344K, reserved 1048576K
}
Event: 2292.614 GC heap before
{Heap before GC invocations=1931 (full 5):
 PSYoungGen      total 5120K, used 5120K [0x00000000d5580000, 0x00000000d5f80000, 0x0000000100000000)
  eden space 4096K, 100% used [0x00000000d5580000,0x00000000d5980000,0x00000000d5980000)
  from space 1024K, 100% used [0x00000000d5980000,0x00000000d5a80000,0x00000000d5a80000)
  to   space 2560K, 0% used [0x00000000d5d00000,0x00000000d5d00000,0x00000000d5f80000)
 ParOldGen       total 731648K, used 168599K [0x0000000080000000, 0x00000000aca80000, 0x00000000d5580000)
  object space 731648K, 23% used [0x0000000080000000,0x000000008a4a5d78,0x00000000aca80000)
 Metaspace       used 83327K, committed 85120K, reserved 1179648K
  class space    used 8533K, committed 9344K, reserved 1048576K
}
Event: 2292.621 GC heap after
{Heap after GC invocations=1931 (full 5):
 PSYoungGen      total 6144K, used 1024K [0x00000000d5580000, 0x00000000d5e00000, 0x0000000100000000)
  eden space 5120K, 0% used [0x00000000d5580000,0x00000000d5580000,0x00000000d5a80000)
  from space 1024K, 100% used [0x00000000d5d00000,0x00000000d5e00000,0x00000000d5e00000)
  to   space 1536K, 0% used [0x00000000d5b00000,0x00000000d5b00000,0x00000000d5c80000)
 ParOldGen       total 731648K, used 169667K [0x0000000080000000, 0x00000000aca80000, 0x00000000d5580000)
  object space 731648K, 23% used [0x0000000080000000,0x000000008a5b0d88,0x00000000aca80000)
 Metaspace       used 83327K, committed 85120K, reserved 1179648K
  class space    used 8533K, committed 9344K, reserved 1048576K
}
Event: 2292.676 GC heap before
{Heap before GC invocations=1932 (full 5):
 PSYoungGen      total 6144K, used 6144K [0x00000000d5580000, 0x00000000d5e00000, 0x0000000100000000)
  eden space 5120K, 100% used [0x00000000d5580000,0x00000000d5a80000,0x00000000d5a80000)
  from space 1024K, 100% used [0x00000000d5d00000,0x00000000d5e00000,0x00000000d5e00000)
  to   space 1536K, 0% used [0x00000000d5b00000,0x00000000d5b00000,0x00000000d5c80000)
 ParOldGen       total 731648K, used 169667K [0x0000000080000000, 0x00000000aca80000, 0x00000000d5580000)
  object space 731648K, 23% used [0x0000000080000000,0x000000008a5b0d88,0x00000000aca80000)
 Metaspace       used 83328K, committed 85120K, reserved 1179648K
  class space    used 8533K, committed 9344K, reserved 1048576K
}
Event: 2292.684 GC heap after
{Heap after GC invocations=1932 (full 5):
 PSYoungGen      total 6656K, used 1522K [0x00000000d5580000, 0x00000000d6180000, 0x0000000100000000)
  eden space 5120K, 0% used [0x00000000d5580000,0x00000000d5580000,0x00000000d5a80000)
  from space 1536K, 99% used [0x00000000d5b00000,0x00000000d5c7cab8,0x00000000d5c80000)
  to   space 3584K, 0% used [0x00000000d5e00000,0x00000000d5e00000,0x00000000d6180000)
 ParOldGen       total 731648K, used 170918K [0x0000000080000000, 0x00000000aca80000, 0x00000000d5580000)
  object space 731648K, 23% used [0x0000000080000000,0x000000008a6e99b8,0x00000000aca80000)
 Metaspace       used 83328K, committed 85120K, reserved 1179648K
  class space    used 8533K, committed 9344K, reserved 1048576K
}
Event: 2292.786 GC heap before
{Heap before GC invocations=1933 (full 5):
 PSYoungGen      total 6656K, used 6642K [0x00000000d5580000, 0x00000000d6180000, 0x0000000100000000)
  eden space 5120K, 100% used [0x00000000d5580000,0x00000000d5a80000,0x00000000d5a80000)
  from space 1536K, 99% used [0x00000000d5b00000,0x00000000d5c7cab8,0x00000000d5c80000)
  to   space 3584K, 0% used [0x00000000d5e00000,0x00000000d5e00000,0x00000000d6180000)
 ParOldGen       total 731648K, used 170918K [0x0000000080000000, 0x00000000aca80000, 0x00000000d5580000)
  object space 731648K, 23% used [0x0000000080000000,0x000000008a6e99b8,0x00000000aca80000)
 Metaspace       used 83334K, committed 85120K, reserved 1179648K
  class space    used 8533K, committed 9344K, reserved 1048576K
}
Event: 2292.797 GC heap after
{Heap after GC invocations=1933 (full 5):
 PSYoungGen      total 7168K, used 1692K [0x00000000d5580000, 0x00000000d6000000, 0x0000000100000000)
  eden space 5120K, 0% used [0x00000000d5580000,0x00000000d5580000,0x00000000d5a80000)
  from space 2048K, 82% used [0x00000000d5e00000,0x00000000d5fa7340,0x00000000d6000000)
  to   space 2560K, 0% used [0x00000000d5b00000,0x00000000d5b00000,0x00000000d5d80000)
 ParOldGen       total 731648K, used 172409K [0x0000000080000000, 0x00000000aca80000, 0x00000000d5580000)
  object space 731648K, 23% used [0x0000000080000000,0x000000008a85e480,0x00000000aca80000)
 Metaspace       used 83334K, committed 85120K, reserved 1179648K
  class space    used 8533K, committed 9344K, reserved 1048576K
}
Event: 2293.131 GC heap before
{Heap before GC invocations=1934 (full 5):
 PSYoungGen      total 7168K, used 6812K [0x00000000d5580000, 0x00000000d6000000, 0x0000000100000000)
  eden space 5120K, 100% used [0x00000000d5580000,0x00000000d5a80000,0x00000000d5a80000)
  from space 2048K, 82% used [0x00000000d5e00000,0x00000000d5fa7340,0x00000000d6000000)
  to   space 2560K, 0% used [0x00000000d5b00000,0x00000000d5b00000,0x00000000d5d80000)
 ParOldGen       total 731648K, used 172409K [0x0000000080000000, 0x00000000aca80000, 0x00000000d5580000)
  object space 731648K, 23% used [0x0000000080000000,0x000000008a85e480,0x00000000aca80000)
 Metaspace       used 83345K, committed 85120K, reserved 1179648K
  class space    used 8533K, committed 9344K, reserved 1048576K
}
Event: 2293.137 GC heap after
{Heap after GC invocations=1934 (full 5):
 PSYoungGen      total 6144K, used 576K [0x00000000d5580000, 0x00000000d5e80000, 0x0000000100000000)
  eden space 5120K, 0% used [0x00000000d5580000,0x00000000d5580000,0x00000000d5a80000)
  from space 1024K, 56% used [0x00000000d5b00000,0x00000000d5b90000,0x00000000d5c00000)
  to   space 1536K, 0% used [0x00000000d5d00000,0x00000000d5d00000,0x00000000d5e80000)
 ParOldGen       total 731648K, used 173261K [0x0000000080000000, 0x00000000aca80000, 0x00000000d5580000)
  object space 731648K, 23% used [0x0000000080000000,0x000000008a933760,0x00000000aca80000)
 Metaspace       used 83345K, committed 85120K, reserved 1179648K
  class space    used 8533K, committed 9344K, reserved 1048576K
}
Event: 2293.878 GC heap before
{Heap before GC invocations=1935 (full 5):
 PSYoungGen      total 6144K, used 4829K [0x00000000d5580000, 0x00000000d5e80000, 0x0000000100000000)
  eden space 5120K, 83% used [0x00000000d5580000,0x00000000d59a76f8,0x00000000d5a80000)
  from space 1024K, 56% used [0x00000000d5b00000,0x00000000d5b90000,0x00000000d5c00000)
  to   space 1536K, 0% used [0x00000000d5d00000,0x00000000d5d00000,0x00000000d5e80000)
 ParOldGen       total 731648K, used 173261K [0x0000000080000000, 0x00000000aca80000, 0x00000000d5580000)
  object space 731648K, 23% used [0x0000000080000000,0x000000008a933760,0x00000000aca80000)
 Metaspace       used 83346K, committed 85120K, reserved 1179648K
  class space    used 8533K, committed 9344K, reserved 1048576K
}
Event: 2293.882 GC heap after
{Heap after GC invocations=1935 (full 5):
 PSYoungGen      total 5632K, used 224K [0x00000000d5580000, 0x00000000d5d80000, 0x0000000100000000)
  eden space 5120K, 0% used [0x00000000d5580000,0x00000000d5580000,0x00000000d5a80000)
  from space 512K, 43% used [0x00000000d5d00000,0x00000000d5d38000,0x00000000d5d80000)
  to   space 512K, 0% used [0x00000000d5c80000,0x00000000d5c80000,0x00000000d5d00000)
 ParOldGen       total 731648K, used 173757K [0x0000000080000000, 0x00000000aca80000, 0x00000000d5580000)
  object space 731648K, 23% used [0x0000000080000000,0x000000008a9af790,0x00000000aca80000)
 Metaspace       used 83346K, committed 85120K, reserved 1179648K
  class space    used 8533K, committed 9344K, reserved 1048576K
}
Event: 2294.271 GC heap before
{Heap before GC invocations=1936 (full 5):
 PSYoungGen      total 5632K, used 5344K [0x00000000d5580000, 0x00000000d5d80000, 0x0000000100000000)
  eden space 5120K, 100% used [0x00000000d5580000,0x00000000d5a80000,0x00000000d5a80000)
  from space 512K, 43% used [0x00000000d5d00000,0x00000000d5d38000,0x00000000d5d80000)
  to   space 512K, 0% used [0x00000000d5c80000,0x00000000d5c80000,0x00000000d5d00000)
 ParOldGen       total 731648K, used 173757K [0x0000000080000000, 0x00000000aca80000, 0x00000000d5580000)
  object space 731648K, 23% used [0x0000000080000000,0x000000008a9af790,0x00000000aca80000)
 Metaspace       used 83357K, committed 85120K, reserved 1179648K
  class space    used 8536K, committed 9344K, reserved 1048576K
}
Event: 2294.273 GC heap after
{Heap after GC invocations=1936 (full 5):
 PSYoungGen      total 5632K, used 333K [0x00000000d5580000, 0x00000000d5d80000, 0x0000000100000000)
  eden space 5120K, 0% used [0x00000000d5580000,0x00000000d5580000,0x00000000d5a80000)
  from space 512K, 65% used [0x00000000d5c80000,0x00000000d5cd3538,0x00000000d5d00000)
  to   space 512K, 0% used [0x00000000d5d00000,0x00000000d5d00000,0x00000000d5d80000)
 ParOldGen       total 731648K, used 173821K [0x0000000080000000, 0x00000000aca80000, 0x00000000d5580000)
  object space 731648K, 23% used [0x0000000080000000,0x000000008a9bf790,0x00000000aca80000)
 Metaspace       used 83357K, committed 85120K, reserved 1179648K
  class space    used 8536K, committed 9344K, reserved 1048576K
}
Event: 2294.400 GC heap before
{Heap before GC invocations=1937 (full 5):
 PSYoungGen      total 5632K, used 5453K [0x00000000d5580000, 0x00000000d5d80000, 0x0000000100000000)
  eden space 5120K, 100% used [0x00000000d5580000,0x00000000d5a80000,0x00000000d5a80000)
  from space 512K, 65% used [0x00000000d5c80000,0x00000000d5cd3538,0x00000000d5d00000)
  to   space 512K, 0% used [0x00000000d5d00000,0x00000000d5d00000,0x00000000d5d80000)
 ParOldGen       total 731648K, used 173821K [0x0000000080000000, 0x00000000aca80000, 0x00000000d5580000)
  object space 731648K, 23% used [0x0000000080000000,0x000000008a9bf790,0x00000000aca80000)
 Metaspace       used 83364K, committed 85120K, reserved 1179648K
  class space    used 8536K, committed 9344K, reserved 1048576K
}
Event: 2294.402 GC heap after
{Heap after GC invocations=1937 (full 5):
 PSYoungGen      total 5632K, used 192K [0x00000000d5580000, 0x00000000d5d80000, 0x0000000100000000)
  eden space 5120K, 0% used [0x00000000d5580000,0x00000000d5580000,0x00000000d5a80000)
  from space 512K, 37% used [0x00000000d5d00000,0x00000000d5d30000,0x00000000d5d80000)
  to   space 512K, 0% used [0x00000000d5c80000,0x00000000d5c80000,0x00000000d5d00000)
 ParOldGen       total 731648K, used 173995K [0x0000000080000000, 0x00000000aca80000, 0x00000000d5580000)
  object space 731648K, 23% used [0x0000000080000000,0x000000008a9eacc8,0x00000000aca80000)
 Metaspace       used 83364K, committed 85120K, reserved 1179648K
  class space    used 8536K, committed 9344K, reserved 1048576K
}
Event: 19492.112 GC heap before
{Heap before GC invocations=1938 (full 5):
 PSYoungGen      total 5632K, used 5312K [0x00000000d5580000, 0x00000000d5d80000, 0x0000000100000000)
  eden space 5120K, 100% used [0x00000000d5580000,0x00000000d5a80000,0x00000000d5a80000)
  from space 512K, 37% used [0x00000000d5d00000,0x00000000d5d30000,0x00000000d5d80000)
  to   space 512K, 0% used [0x00000000d5c80000,0x00000000d5c80000,0x00000000d5d00000)
 ParOldGen       total 731648K, used 173995K [0x0000000080000000, 0x00000000aca80000, 0x00000000d5580000)
  object space 731648K, 23% used [0x0000000080000000,0x000000008a9eacc8,0x00000000aca80000)
 Metaspace       used 83364K, committed 85120K, reserved 1179648K
  class space    used 8536K, committed 9344K, reserved 1048576K
}
Event: 19492.169 GC heap after
{Heap after GC invocations=1938 (full 5):
 PSYoungGen      total 5632K, used 256K [0x00000000d5580000, 0x00000000d5d80000, 0x0000000100000000)
  eden space 5120K, 0% used [0x00000000d5580000,0x00000000d5580000,0x00000000d5a80000)
  from space 512K, 50% used [0x00000000d5c80000,0x00000000d5cc0000,0x00000000d5d00000)
  to   space 512K, 0% used [0x00000000d5d00000,0x00000000d5d00000,0x00000000d5d80000)
 ParOldGen       total 731648K, used 174043K [0x0000000080000000, 0x00000000aca80000, 0x00000000d5580000)
  object space 731648K, 23% used [0x0000000080000000,0x000000008a9f6cc8,0x00000000aca80000)
 Metaspace       used 83364K, committed 85120K, reserved 1179648K
  class space    used 8536K, committed 9344K, reserved 1048576K
}
Event: 19493.005 GC heap before
{Heap before GC invocations=1939 (full 5):
 PSYoungGen      total 5632K, used 5376K [0x00000000d5580000, 0x00000000d5d80000, 0x0000000100000000)
  eden space 5120K, 100% used [0x00000000d5580000,0x00000000d5a80000,0x00000000d5a80000)
  from space 512K, 50% used [0x00000000d5c80000,0x00000000d5cc0000,0x00000000d5d00000)
  to   space 512K, 0% used [0x00000000d5d00000,0x00000000d5d00000,0x00000000d5d80000)
 ParOldGen       total 731648K, used 174043K [0x0000000080000000, 0x00000000aca80000, 0x00000000d5580000)
  object space 731648K, 23% used [0x0000000080000000,0x000000008a9f6cc8,0x00000000aca80000)
 Metaspace       used 83364K, committed 85120K, reserved 1179648K
  class space    used 8536K, committed 9344K, reserved 1048576K
}
Event: 19493.008 GC heap after
{Heap after GC invocations=1939 (full 5):
 PSYoungGen      total 5632K, used 96K [0x00000000d5580000, 0x00000000d5d80000, 0x0000000100000000)
  eden space 5120K, 0% used [0x00000000d5580000,0x00000000d5580000,0x00000000d5a80000)
  from space 512K, 18% used [0x00000000d5d00000,0x00000000d5d18000,0x00000000d5d80000)
  to   space 512K, 0% used [0x00000000d5c80000,0x00000000d5c80000,0x00000000d5d00000)
 ParOldGen       total 731648K, used 174123K [0x0000000080000000, 0x00000000aca80000, 0x00000000d5580000)
  object space 731648K, 23% used [0x0000000080000000,0x000000008aa0acc8,0x00000000aca80000)
 Metaspace       used 83364K, committed 85120K, reserved 1179648K
  class space    used 8536K, committed 9344K, reserved 1048576K
}

Dll operation events (11 events):
Event: 0.031 Loaded shared library c:\Users\feisa\.vscode\extensions\redhat.java-1.54.0-win32-x64\jre\21.0.10-win32-x86_64\bin\java.dll
Event: 0.344 Loaded shared library c:\Users\feisa\.vscode\extensions\redhat.java-1.54.0-win32-x64\jre\21.0.10-win32-x86_64\bin\zip.dll
Event: 0.515 Loaded shared library C:\Users\feisa\.vscode\extensions\redhat.java-1.54.0-win32-x64\jre\21.0.10-win32-x86_64\bin\instrument.dll
Event: 0.528 Loaded shared library C:\Users\feisa\.vscode\extensions\redhat.java-1.54.0-win32-x64\jre\21.0.10-win32-x86_64\bin\net.dll
Event: 0.705 Loaded shared library C:\Users\feisa\.vscode\extensions\redhat.java-1.54.0-win32-x64\jre\21.0.10-win32-x86_64\bin\nio.dll
Event: 0.725 Loaded shared library C:\Users\feisa\.vscode\extensions\redhat.java-1.54.0-win32-x64\jre\21.0.10-win32-x86_64\bin\zip.dll
Event: 0.833 Loaded shared library C:\Users\feisa\.vscode\extensions\redhat.java-1.54.0-win32-x64\jre\21.0.10-win32-x86_64\bin\jimage.dll
Event: 1.076 Loaded shared library c:\Users\feisa\.vscode\extensions\redhat.java-1.54.0-win32-x64\jre\21.0.10-win32-x86_64\bin\verify.dll
Event: 20.906 Loaded shared library C:\Users\feisa\AppData\Roaming\Code\User\globalStorage\redhat.java\1.54.0\config_win\org.eclipse.equinox.launcher\org.eclipse.equinox.launcher.win32.win32.x86_64_1.3.0.v20260203-2149\eclipse_11919.dll
Event: 45.878 Loaded shared library C:\Users\feisa\AppData\Local\Temp\jna-97312600\jna17428643204716524575.dll
Event: 812.321 Loaded shared library C:\Users\feisa\.vscode\extensions\redhat.java-1.54.0-win32-x64\jre\21.0.10-win32-x86_64\bin\extnet.dll

Deoptimization events (20 events):
Event: 2063.392 Thread 0x000002b16cbd4c70 DEOPT PACKING pc=0x000002b15b962724 sp=0x000000fd302fe580
Event: 2063.392 Thread 0x000002b16cbd4c70 DEOPT UNPACKING pc=0x000002b159fe3aa2 sp=0x000000fd302fe508 mode 2
Event: 2063.741 Thread 0x000002b16cbd4c70 DEOPT PACKING pc=0x000002b15325204c sp=0x000000fd302fddf0
Event: 2063.742 Thread 0x000002b16cbd4c70 DEOPT UNPACKING pc=0x000002b159fe4242 sp=0x000000fd302fd3a0 mode 0
Event: 2291.888 Thread 0x000002b16cbd3230 Uncommon trap: trap_request=0xffffff45 fr.pc=0x000002b15b020ccc relative=0x00000000000000ac
Event: 2291.889 Thread 0x000002b16cbd3230 Uncommon trap: reason=unstable_if action=reinterpret pc=0x000002b15b020ccc method=java.lang.CharacterDataLatin1.digit(II)I @ 12 c2
Event: 2291.889 Thread 0x000002b16cbd3230 DEOPT PACKING pc=0x000002b15b020ccc sp=0x000000fd2f7feb00
Event: 2291.889 Thread 0x000002b16cbd3230 DEOPT UNPACKING pc=0x000002b159fe3aa2 sp=0x000000fd2f7fea78 mode 2
Event: 2291.893 Thread 0x000002b16cbd3230 DEOPT PACKING pc=0x000002b153aa70d2 sp=0x000000fd2f7fdd40
Event: 2291.893 Thread 0x000002b16cbd3230 DEOPT UNPACKING pc=0x000002b159fe4242 sp=0x000000fd2f7fd258 mode 0
Event: 2291.893 Thread 0x000002b16cbd3230 DEOPT PACKING pc=0x000002b153aa70d2 sp=0x000000fd2f7fdd40
Event: 2291.893 Thread 0x000002b16cbd3230 DEOPT UNPACKING pc=0x000002b159fe4242 sp=0x000000fd2f7fd258 mode 0
Event: 2292.102 Thread 0x000002b16cbd3230 DEOPT PACKING pc=0x000002b153aa70d2 sp=0x000000fd2f7fda50
Event: 2292.102 Thread 0x000002b16cbd3230 DEOPT UNPACKING pc=0x000002b159fe4242 sp=0x000000fd2f7fcf68 mode 0
Event: 2292.280 Thread 0x000002b16cbd3f50 DEOPT PACKING pc=0x000002b15582cb93 sp=0x000000fd2fefec70
Event: 2292.280 Thread 0x000002b16cbd3f50 DEOPT UNPACKING pc=0x000002b159fe4242 sp=0x000000fd2fefe240 mode 0
Event: 19492.617 Thread 0x000002b16de13690 Uncommon trap: trap_request=0xffffffd6 fr.pc=0x000002b15a5f2ac0 relative=0x0000000000000300
Event: 19492.622 Thread 0x000002b16de13690 Uncommon trap: reason=array_check action=maybe_recompile pc=0x000002b15a5f2ac0 method=java.util.concurrent.ScheduledThreadPoolExecutor$DelayedWorkQueue.offer(Ljava/lang/Runnable;)Z @ 65 c2
Event: 19492.624 Thread 0x000002b16de13690 DEOPT PACKING pc=0x000002b15a5f2ac0 sp=0x000000fd2dbff120
Event: 19492.626 Thread 0x000002b16de13690 DEOPT UNPACKING pc=0x000002b159fe3aa2 sp=0x000000fd2dbfefc0 mode 2

Classes loaded (20 events):
Event: 813.056 Loading class java/util/TaskQueue
Event: 813.057 Loading class java/util/TaskQueue done
Event: 813.057 Loading class java/util/TimerThread
Event: 813.057 Loading class java/util/TimerThread done
Event: 813.058 Loading class java/util/Timer$ThreadReaper
Event: 813.058 Loading class java/util/Timer$ThreadReaper done
Event: 813.064 Loading class java/util/concurrent/CompletableFuture$UniWhenComplete
Event: 813.065 Loading class java/util/concurrent/CompletableFuture$UniWhenComplete done
Event: 813.066 Loading class java/util/concurrent/CompletableFuture$UniCompose
Event: 813.066 Loading class java/util/concurrent/CompletableFuture$UniCompose done
Event: 813.066 Loading class java/util/concurrent/CompletableFuture$UniRelay
Event: 813.067 Loading class java/util/concurrent/CompletableFuture$UniRelay done
Event: 813.643 Loading class java/util/concurrent/ScheduledThreadPoolExecutor$DelayedWorkQueue$Itr
Event: 813.644 Loading class java/util/concurrent/ScheduledThreadPoolExecutor$DelayedWorkQueue$Itr done
Event: 820.594 Loading class java/lang/ProcessHandleImpl$ExitCompletion
Event: 820.594 Loading class java/lang/ProcessHandleImpl$ExitCompletion done
Event: 820.595 Loading class java/lang/ProcessHandleImpl$1
Event: 820.595 Loading class java/lang/ProcessHandleImpl$1 done
Event: 820.597 Loading class java/util/concurrent/CompletableFuture$UniHandle
Event: 820.598 Loading class java/util/concurrent/CompletableFuture$UniHandle done

Classes unloaded (17 events):
Event: 46.883 Thread 0x000002b14f902c10 Unloading class 0x000002b1011a5400 'java/lang/invoke/LambdaForm$MH+0x000002b1011a5400'
Event: 46.883 Thread 0x000002b14f902c10 Unloading class 0x000002b1011a5000 'java/lang/invoke/LambdaForm$MH+0x000002b1011a5000'
Event: 46.883 Thread 0x000002b14f902c10 Unloading class 0x000002b1011a4c00 'java/lang/invoke/LambdaForm$MH+0x000002b1011a4c00'
Event: 46.883 Thread 0x000002b14f902c10 Unloading class 0x000002b1011a4800 'java/lang/invoke/LambdaForm$MH+0x000002b1011a4800'
Event: 46.883 Thread 0x000002b14f902c10 Unloading class 0x000002b1011a4400 'java/lang/invoke/LambdaForm$BMH+0x000002b1011a4400'
Event: 46.883 Thread 0x000002b14f902c10 Unloading class 0x000002b1011a4000 'java/lang/invoke/LambdaForm$DMH+0x000002b1011a4000'
Event: 46.883 Thread 0x000002b14f902c10 Unloading class 0x000002b1011a2c00 'java/lang/invoke/LambdaForm$DMH+0x000002b1011a2c00'
Event: 49.261 Thread 0x000002b14f902c10 Unloading class 0x000002b101321000 'java/lang/invoke/LambdaForm$MH+0x000002b101321000'
Event: 49.261 Thread 0x000002b14f902c10 Unloading class 0x000002b10131fc00 'java/lang/invoke/LambdaForm$MH+0x000002b10131fc00'
Event: 49.261 Thread 0x000002b14f902c10 Unloading class 0x000002b10131f800 'java/lang/invoke/LambdaForm$DMH+0x000002b10131f800'
Event: 49.261 Thread 0x000002b14f902c10 Unloading class 0x000002b10131ec00 'java/lang/invoke/LambdaForm$MH+0x000002b10131ec00'
Event: 49.261 Thread 0x000002b14f902c10 Unloading class 0x000002b10131b400 'java/lang/invoke/LambdaForm$MH+0x000002b10131b400'
Event: 49.261 Thread 0x000002b14f902c10 Unloading class 0x000002b10131a800 'java/lang/invoke/LambdaForm$MH+0x000002b10131a800'
Event: 49.261 Thread 0x000002b14f902c10 Unloading class 0x000002b10131a000 'java/lang/invoke/LambdaForm$MH+0x000002b10131a000'
Event: 49.261 Thread 0x000002b14f902c10 Unloading class 0x000002b101319c00 'java/lang/invoke/LambdaForm$MH+0x000002b101319c00'
Event: 49.261 Thread 0x000002b14f902c10 Unloading class 0x000002b101319000 'java/lang/invoke/LambdaForm$MH+0x000002b101319000'
Event: 49.261 Thread 0x000002b14f902c10 Unloading class 0x000002b101318800 'java/lang/invoke/LambdaForm$MH+0x000002b101318800'

Classes redefined (0 events):
No events

Internal exceptions (20 events):
Event: 811.994 Thread 0x000002b16cbd2ba0 Exception <a 'sun/nio/fs/WindowsException'{0x00000000d5637fa0}> (0x00000000d5637fa0) 
thrown [s\src\hotspot\share\prims\jni.cpp, line 520]
Event: 812.405 Thread 0x000002b16de122e0 Exception <a 'java/io/FileNotFoundException'{0x00000000d57ef028}> (0x00000000d57ef028) 
thrown [s\src\hotspot\share\prims\jni.cpp, line 520]
Event: 812.823 Thread 0x000002b16de122e0 Exception <a 'java/lang/NoSuchMethodError'{0x00000000d56d71c8}: 'java.lang.Object java.lang.invoke.DirectMethodHandle$Holder.invokeVirtual(java.lang.Object, java.lang.Object, java.lang.Object, java.lang.Object)'> (0x00000000d56d71c8) 
thrown [s\src\hotspot\share\interpreter\linkResolver.cpp, line 773]
Event: 812.953 Thread 0x000002b16de13000 Exception <a 'java/lang/NoSuchMethodError'{0x00000000d57787c0}: 'java.lang.Object java.lang.invoke.DirectMethodHandle$Holder.invokeStatic(java.lang.Object, long, java.lang.Object, java.lang.Object)'> (0x00000000d57787c0) 
thrown [s\src\hotspot\share\interpreter\linkResolver.cpp, line 773]
Event: 813.013 Thread 0x000002b16de13000 Exception <a 'sun/nio/fs/WindowsException'{0x00000000d57e3348}> (0x00000000d57e3348) 
thrown [s\src\hotspot\share\prims\jni.cpp, line 520]
Event: 813.013 Thread 0x000002b16de13000 Exception <a 'sun/nio/fs/WindowsException'{0x00000000d57e43b8}> (0x00000000d57e43b8) 
thrown [s\src\hotspot\share\prims\jni.cpp, line 520]
Event: 813.254 Thread 0x000002b16cbd2510 Exception <a 'java/lang/IncompatibleClassChangeError'{0x00000000d58bb158}: Found class java.lang.Object, but interface was expected> (0x00000000d58bb158) 
thrown [s\src\hotspot\share\interpreter\linkResolver.cpp, line 840]
Event: 816.751 Thread 0x000002b16cbd4c70 Exception <a 'java/lang/NoSuchMethodError'{0x00000000d58ccc48}: 'long java.lang.invoke.DelegatingMethodHandle$Holder.reinvoke_L(java.lang.Object, java.lang.Object)'> (0x00000000d58ccc48) 
thrown [s\src\hotspot\share\interpreter\linkResolver.cpp, line 773]
Event: 816.754 Thread 0x000002b16cbd4c70 Exception <a 'java/lang/NoSuchMethodError'{0x00000000d58d7248}: 'void java.lang.invoke.DelegatingMethodHandle$Holder.reinvoke_L(java.lang.Object, java.lang.Object, long)'> (0x00000000d58d7248) 
thrown [s\src\hotspot\share\interpreter\linkResolver.cpp, line 773]
Event: 820.602 Thread 0x000002b16cbd4c70 Exception <a 'java/lang/NoSuchMethodError'{0x00000000d58f71a8}: 'long java.lang.invoke.Invokers$Holder.invokeExact_MT(java.lang.Object, java.lang.Object, java.lang.Object)'> (0x00000000d58f71a8) 
thrown [s\src\hotspot\share\interpreter\linkResolver.cpp, line 773]
Event: 946.619 Thread 0x000002b16de0ee60 Implicit null exception at 0x000002b15b83d924 to 0x000002b15b83d9dc
Event: 1110.706 Thread 0x000002b16de12970 Exception <a 'sun/nio/fs/WindowsException'{0x00000000d5686fa0}> (0x00000000d5686fa0) 
thrown [s\src\hotspot\share\prims\jni.cpp, line 520]
Event: 1110.706 Thread 0x000002b16de12970 Exception <a 'sun/nio/fs/WindowsException'{0x00000000d56878a0}> (0x00000000d56878a0) 
thrown [s\src\hotspot\share\prims\jni.cpp, line 520]
Event: 1257.480 Thread 0x000002b16cbd1e80 Exception <a 'sun/nio/fs/WindowsException'{0x00000000d58ec908}> (0x00000000d58ec908) 
thrown [s\src\hotspot\share\prims\jni.cpp, line 520]
Event: 1257.480 Thread 0x000002b16cbd1e80 Exception <a 'sun/nio/fs/WindowsException'{0x00000000d58ecf38}> (0x00000000d58ecf38) 
thrown [s\src\hotspot\share\prims\jni.cpp, line 520]
Event: 2061.787 Thread 0x000002b16cbd2510 Implicit null exception at 0x000002b15b24ceae to 0x000002b15b24d2db
Event: 2061.790 Thread 0x000002b16cbd2510 Implicit null exception at 0x000002b15aede695 to 0x000002b15aede9d7
Event: 2063.209 Thread 0x000002b16cbd2ba0 Implicit null exception at 0x000002b15ad8fb13 to 0x000002b15ad8fcf4
Event: 2063.210 Thread 0x000002b16cbd2ba0 Implicit null exception at 0x000002b15ad84fdd to 0x000002b15ad8514c
Event: 2063.211 Thread 0x000002b16cbd2ba0 Implicit null exception at 0x000002b15afdf3f6 to 0x000002b15afdf419

ZGC Phase Switch (0 events):
No events

VM Operations (20 events):
Event: 30059.682 Executing non-safepoint VM operation: HandshakeAllThreads (HandshakeForDeflation)
Event: 30059.682 Executing non-safepoint VM operation: HandshakeAllThreads (HandshakeForDeflation) done
Event: 30059.683 Executing non-safepoint VM operation: RendezvousGCThreads
Event: 30059.683 Executing non-safepoint VM operation: RendezvousGCThreads done
Event: 30119.903 Executing non-safepoint VM operation: HandshakeAllThreads (HandshakeForDeflation)
Event: 30119.904 Executing non-safepoint VM operation: HandshakeAllThreads (HandshakeForDeflation) done
Event: 30119.904 Executing non-safepoint VM operation: RendezvousGCThreads
Event: 30119.904 Executing non-safepoint VM operation: RendezvousGCThreads done
Event: 30180.078 Executing non-safepoint VM operation: HandshakeAllThreads (HandshakeForDeflation)
Event: 30180.079 Executing non-safepoint VM operation: HandshakeAllThreads (HandshakeForDeflation) done
Event: 30180.079 Executing non-safepoint VM operation: RendezvousGCThreads
Event: 30180.079 Executing non-safepoint VM operation: RendezvousGCThreads done
Event: 30240.261 Executing non-safepoint VM operation: HandshakeAllThreads (HandshakeForDeflation)
Event: 30240.262 Executing non-safepoint VM operation: HandshakeAllThreads (HandshakeForDeflation) done
Event: 30240.262 Executing non-safepoint VM operation: RendezvousGCThreads
Event: 30240.262 Executing non-safepoint VM operation: RendezvousGCThreads done
Event: 30360.390 Executing non-safepoint VM operation: HandshakeAllThreads (HandshakeForDeflation)
Event: 30360.391 Executing non-safepoint VM operation: HandshakeAllThreads (HandshakeForDeflation) done
Event: 30360.391 Executing non-safepoint VM operation: RendezvousGCThreads
Event: 30360.391 Executing non-safepoint VM operation: RendezvousGCThreads done

Memory protections (0 events):
No events

Nmethod flushes (20 events):
Event: 775.627 Thread 0x000002b14f902c10 flushing  nmethod 0x000002b154bbe510
Event: 775.627 Thread 0x000002b14f902c10 flushing  nmethod 0x000002b154bbf010
Event: 775.627 Thread 0x000002b14f902c10 flushing  nmethod 0x000002b154bbf890
Event: 775.628 Thread 0x000002b14f902c10 flushing  nmethod 0x000002b154bcfe90
Event: 775.628 Thread 0x000002b14f902c10 flushing  nmethod 0x000002b154bd1790
Event: 775.628 Thread 0x000002b14f902c10 flushing  nmethod 0x000002b154bd1c10
Event: 775.628 Thread 0x000002b14f902c10 flushing  nmethod 0x000002b154bdeb10
Event: 775.628 Thread 0x000002b14f902c10 flushing  nmethod 0x000002b154bece10
Event: 775.628 Thread 0x000002b14f902c10 flushing  nmethod 0x000002b154bf0390
Event: 775.628 Thread 0x000002b14f902c10 flushing  nmethod 0x000002b154bff690
Event: 775.628 Thread 0x000002b14f902c10 flushing  nmethod 0x000002b154c01690
Event: 775.628 Thread 0x000002b14f902c10 flushing  nmethod 0x000002b154c03290
Event: 775.628 Thread 0x000002b14f902c10 flushing  nmethod 0x000002b154c1c990
Event: 775.628 Thread 0x000002b14f902c10 flushing  nmethod 0x000002b154c4ba90
Event: 775.628 Thread 0x000002b14f902c10 flushing  nmethod 0x000002b154c69410
Event: 775.628 Thread 0x000002b14f902c10 flushing  nmethod 0x000002b154c69890
Event: 775.628 Thread 0x000002b14f902c10 flushing  nmethod 0x000002b154c78990
Event: 775.628 Thread 0x000002b14f902c10 flushing  nmethod 0x000002b154cb3090
Event: 775.628 Thread 0x000002b14f902c10 flushing  nmethod 0x000002b154ce5210
Event: 775.628 Thread 0x000002b14f902c10 flushing osr nmethod 0x000002b154d5bd10

Events (20 events):
Event: 2062.916 Thread 0x000002b1700986c0 Thread exited: 0x000002b1700986c0
Event: 2145.076 Thread 0x000002b16cbd4c70 Thread exited: 0x000002b16cbd4c70
Event: 2205.090 Thread 0x000002b16cbd2ba0 Thread exited: 0x000002b16cbd2ba0
Event: 2265.091 Thread 0x000002b16cbd1e80 Thread exited: 0x000002b16cbd1e80
Event: 2292.072 Thread 0x000002b167bba0a0 Thread added: 0x000002b17009afa0
Event: 2292.263 Thread 0x000002b16cbd2510 Thread added: 0x000002b16cbd4c70
Event: 2292.266 Thread 0x000002b16cbd38c0 Thread added: 0x000002b16cbd2ba0
Event: 2294.261 Thread 0x000002b17009afa0 Thread exited: 0x000002b17009afa0
Event: 2355.781 Thread 0x000002b16cbd45e0 Thread exited: 0x000002b16cbd45e0
Event: 2415.801 Thread 0x000002b16cbd3230 Thread exited: 0x000002b16cbd3230
Event: 2475.813 Thread 0x000002b16cbd38c0 Thread exited: 0x000002b16cbd38c0
Event: 19492.569 Thread 0x000002b1662dd750 Thread added: 0x000002b17009afa0
Event: 19492.570 Thread 0x000002b1662dd750 Thread added: 0x000002b170097ff0
Event: 19497.662 Thread 0x000002b170097ff0 Thread exited: 0x000002b170097ff0
Event: 19497.691 Thread 0x000002b17009afa0 Thread exited: 0x000002b17009afa0
Event: 19582.269 Thread 0x000002b16cbd4c70 Thread exited: 0x000002b16cbd4c70
Event: 19642.282 Thread 0x000002b16cbd3f50 Thread exited: 0x000002b16cbd3f50
Event: 19702.290 Thread 0x000002b16cbd2ba0 Thread exited: 0x000002b16cbd2ba0
Event: 26125.578 Thread 0x000002b16cbd2510 Thread added: 0x000002b16cbd17f0
Event: 26185.651 Thread 0x000002b16cbd17f0 Thread exited: 0x000002b16cbd17f0


Dynamic libraries:
0x00007ff66d820000 - 0x00007ff66d82e000 	c:\Users\feisa\.vscode\extensions\redhat.java-1.54.0-win32-x64\jre\21.0.10-win32-x86_64\bin\java.exe
0x00007ffdc3840000 - 0x00007ffdc3aa6000 	C:\WINDOWS\SYSTEM32\ntdll.dll
0x00007ffdc2930000 - 0x00007ffdc29f9000 	C:\WINDOWS\System32\KERNEL32.DLL
0x00007ffdc0ad0000 - 0x00007ffdc0eca000 	C:\WINDOWS\System32\KERNELBASE.dll
0x00007ffdc10e0000 - 0x00007ffdc122c000 	C:\WINDOWS\System32\ucrtbase.dll
0x00007ffd70170000 - 0x00007ffd70188000 	c:\Users\feisa\.vscode\extensions\redhat.java-1.54.0-win32-x64\jre\21.0.10-win32-x86_64\bin\jli.dll
0x00007ffdc2680000 - 0x00007ffdc2847000 	C:\WINDOWS\System32\USER32.dll
0x00007ffdc0f80000 - 0x00007ffdc0fa7000 	C:\WINDOWS\System32\win32u.dll
0x00007ffd71bf0000 - 0x00007ffd71c0e000 	c:\Users\feisa\.vscode\extensions\redhat.java-1.54.0-win32-x64\jre\21.0.10-win32-x86_64\bin\VCRUNTIME140.dll
0x00007ffdc2d10000 - 0x00007ffdc2d3b000 	C:\WINDOWS\System32\GDI32.dll
0x00007ffdc0fb0000 - 0x00007ffdc10db000 	C:\WINDOWS\System32\gdi32full.dll
0x00007ffdc1470000 - 0x00007ffdc1513000 	C:\WINDOWS\System32\msvcp_win.dll
0x00007ffdb1b70000 - 0x00007ffdb1e02000 	C:\WINDOWS\WinSxS\amd64_microsoft.windows.common-controls_6595b64144ccf1df_6.0.26100.8521_none_3e08b75ce33403b3\COMCTL32.dll
0x00007ffdc3240000 - 0x00007ffdc32e9000 	C:\WINDOWS\System32\msvcrt.dll
0x00007ffdc17b0000 - 0x00007ffdc17e2000 	C:\WINDOWS\System32\IMM32.DLL
0x00007ffda5950000 - 0x00007ffda595c000 	c:\Users\feisa\.vscode\extensions\redhat.java-1.54.0-win32-x64\jre\21.0.10-win32-x86_64\bin\vcruntime140_1.dll
0x00007ffd562b0000 - 0x00007ffd5633d000 	c:\Users\feisa\.vscode\extensions\redhat.java-1.54.0-win32-x64\jre\21.0.10-win32-x86_64\bin\msvcp140.dll
0x00007ffcd3a40000 - 0x00007ffcd47e1000 	c:\Users\feisa\.vscode\extensions\redhat.java-1.54.0-win32-x64\jre\21.0.10-win32-x86_64\bin\server\jvm.dll
0x00007ffdc20a0000 - 0x00007ffdc2156000 	C:\WINDOWS\System32\ADVAPI32.dll
0x00007ffdc15b0000 - 0x00007ffdc165a000 	C:\WINDOWS\System32\sechost.dll
0x00007ffdc17f0000 - 0x00007ffdc1908000 	C:\WINDOWS\System32\RPCRT4.dll
0x00007ffdc32f0000 - 0x00007ffdc3370000 	C:\WINDOWS\System32\WS2_32.dll
0x00007ffdc0950000 - 0x00007ffdc09ae000 	C:\WINDOWS\SYSTEM32\POWRPROF.dll
0x00007ffdba490000 - 0x00007ffdba4c6000 	C:\WINDOWS\SYSTEM32\WINMM.dll
0x00007ffdba4d0000 - 0x00007ffdba4db000 	C:\WINDOWS\SYSTEM32\VERSION.dll
0x00007ffdc0930000 - 0x00007ffdc0944000 	C:\WINDOWS\SYSTEM32\UMPDC.dll
0x00007ffdbf840000 - 0x00007ffdbf85b000 	C:\WINDOWS\SYSTEM32\kernel.appcore.dll
0x00007ffd968b0000 - 0x00007ffd968ba000 	c:\Users\feisa\.vscode\extensions\redhat.java-1.54.0-win32-x64\jre\21.0.10-win32-x86_64\bin\jimage.dll
0x00007ffdb5a40000 - 0x00007ffdb5c82000 	C:\WINDOWS\SYSTEM32\DBGHELP.DLL
0x00007ffdc2160000 - 0x00007ffdc24e3000 	C:\WINDOWS\System32\combase.dll
0x00007ffdc2a00000 - 0x00007ffdc2ad9000 	C:\WINDOWS\System32\OLEAUT32.dll
0x00007ffdb2560000 - 0x00007ffdb259b000 	C:\WINDOWS\SYSTEM32\dbgcore.DLL
0x00007ffdc0ed0000 - 0x00007ffdc0f78000 	C:\WINDOWS\System32\bcryptPrimitives.dll
0x00007ffd75590000 - 0x00007ffd7559f000 	c:\Users\feisa\.vscode\extensions\redhat.java-1.54.0-win32-x64\jre\21.0.10-win32-x86_64\bin\instrument.dll
0x00007ffd5d260000 - 0x00007ffd5d280000 	c:\Users\feisa\.vscode\extensions\redhat.java-1.54.0-win32-x64\jre\21.0.10-win32-x86_64\bin\java.dll
0x00007ffdc1910000 - 0x00007ffdc2094000 	C:\WINDOWS\System32\SHELL32.dll
0x00007ffdbe680000 - 0x00007ffdbef00000 	C:\WINDOWS\SYSTEM32\windows.storage.dll
0x00007ffdc3560000 - 0x00007ffdc3656000 	C:\WINDOWS\System32\SHCORE.dll
0x00007ffdc2d40000 - 0x00007ffdc2da7000 	C:\WINDOWS\System32\shlwapi.dll
0x00007ffdc09f0000 - 0x00007ffdc0a19000 	C:\WINDOWS\SYSTEM32\profapi.dll
0x00007ffd5e950000 - 0x00007ffd5e968000 	c:\Users\feisa\.vscode\extensions\redhat.java-1.54.0-win32-x64\jre\21.0.10-win32-x86_64\bin\zip.dll
0x00007ffd74d10000 - 0x00007ffd74d20000 	C:\Users\feisa\.vscode\extensions\redhat.java-1.54.0-win32-x64\jre\21.0.10-win32-x86_64\bin\net.dll
0x00007ffdb7a90000 - 0x00007ffdb7bb9000 	C:\WINDOWS\SYSTEM32\WINHTTP.dll
0x00007ffdbfdd0000 - 0x00007ffdbfe3c000 	C:\WINDOWS\system32\mswsock.dll
0x00007ffd5aac0000 - 0x00007ffd5aad6000 	C:\Users\feisa\.vscode\extensions\redhat.java-1.54.0-win32-x64\jre\21.0.10-win32-x86_64\bin\nio.dll
0x00007ffd71be0000 - 0x00007ffd71bf0000 	c:\Users\feisa\.vscode\extensions\redhat.java-1.54.0-win32-x64\jre\21.0.10-win32-x86_64\bin\verify.dll
0x00007ffd55d00000 - 0x00007ffd55d45000 	C:\Users\feisa\AppData\Roaming\Code\User\globalStorage\redhat.java\1.54.0\config_win\org.eclipse.equinox.launcher\org.eclipse.equinox.launcher.win32.win32.x86_64_1.3.0.v20260203-2149\eclipse_11919.dll
0x00007ffdc3660000 - 0x00007ffdc37f8000 	C:\WINDOWS\System32\ole32.dll
0x00007ffdc00b0000 - 0x00007ffdc00cb000 	C:\WINDOWS\SYSTEM32\CRYPTSP.dll
0x00007ffdbf7a0000 - 0x00007ffdbf7d9000 	C:\WINDOWS\system32\rsaenh.dll
0x00007ffdbfe80000 - 0x00007ffdbfeb3000 	C:\WINDOWS\SYSTEM32\USERENV.dll
0x00007ffdc09c0000 - 0x00007ffdc09ea000 	C:\WINDOWS\SYSTEM32\bcrypt.dll
0x00007ffdc00d0000 - 0x00007ffdc00dc000 	C:\WINDOWS\SYSTEM32\CRYPTBASE.dll
0x00007ffdbf2d0000 - 0x00007ffdbf303000 	C:\WINDOWS\SYSTEM32\IPHLPAPI.DLL
0x00007ffdc2850000 - 0x00007ffdc285a000 	C:\WINDOWS\System32\NSI.dll
0x00007ffdbb950000 - 0x00007ffdbb999000 	C:\Users\feisa\AppData\Local\Temp\jna-97312600\jna17428643204716524575.dll
0x00007ffdc2870000 - 0x00007ffdc2878000 	C:\WINDOWS\System32\PSAPI.DLL
0x00007ffdb7df0000 - 0x00007ffdb7e0d000 	C:\WINDOWS\SYSTEM32\dhcpcsvc6.DLL
0x00007ffdb7dc0000 - 0x00007ffdb7de5000 	C:\WINDOWS\SYSTEM32\dhcpcsvc.DLL
0x00007ffdbb9a0000 - 0x00007ffdbb9a9000 	C:\Users\feisa\.vscode\extensions\redhat.java-1.54.0-win32-x64\jre\21.0.10-win32-x86_64\bin\extnet.dll

JVMTI agents:
c:\Users\feisa\.vscode\extensions\redhat.java-1.54.0-win32-x64\lombok\lombok-1.18.39-4050.jar path:c:\Users\feisa\.vscode\extensions\redhat.java-1.54.0-win32-x64\jre\21.0.10-win32-x86_64\bin\instrument.dll, loaded, initialized, instrumentlib options:none

dbghelp: loaded successfully - version: 4.0.5 - missing functions: none
symbol engine: initialized successfully - sym options: 0x614 - pdb path: .;c:\Users\feisa\.vscode\extensions\redhat.java-1.54.0-win32-x64\jre\21.0.10-win32-x86_64\bin;C:\WINDOWS\SYSTEM32;C:\WINDOWS\WinSxS\amd64_microsoft.windows.common-controls_6595b64144ccf1df_6.0.26100.8521_none_3e08b75ce33403b3;c:\Users\feisa\.vscode\extensions\redhat.java-1.54.0-win32-x64\jre\21.0.10-win32-x86_64\bin\server;C:\Users\feisa\AppData\Roaming\Code\User\globalStorage\redhat.java\1.54.0\config_win\org.eclipse.equinox.launcher\org.eclipse.equinox.launcher.win32.win32.x86_64_1.3.0.v20260203-2149;C:\Users\feisa\AppData\Local\Temp\jna-97312600

VM Arguments:
jvm_args: --add-modules=ALL-SYSTEM --add-opens=java.base/java.util=ALL-UNNAMED --add-opens=java.base/java.lang=ALL-UNNAMED --add-opens=java.base/sun.nio.fs=ALL-UNNAMED -Declipse.application=org.eclipse.jdt.ls.core.id1 -Dosgi.bundles.defaultStartLevel=4 -Declipse.product=org.eclipse.jdt.ls.core.product -Djava.import.generatesMetadataFilesAtProjectRoot=false -DDetectVMInstallationsJob.disabled=true -Dfile.encoding=utf8 -XX:+UseParallelGC -XX:GCTimeRatio=4 -XX:AdaptiveSizePolicyWeight=90 -Dsun.zip.disableMemoryMapping=true -Xmx2G -Xms100m -Xlog:disable -javaagent:c:\Users\feisa\.vscode\extensions\redhat.java-1.54.0-win32-x64\lombok\lombok-1.18.39-4050.jar -XX:+HeapDumpOnOutOfMemoryError -XX:HeapDumpPath=c:\Users\feisa\AppData\Roaming\Code\User\workspaceStorage\78bdfc1417ef1311412574369aa8d18c\redhat.java -Daether.dependencyCollector.impl=bf 
java_command: c:\Users\feisa\.vscode\extensions\redhat.java-1.54.0-win32-x64\server\plugins\org.eclipse.equinox.launcher_1.7.100.v20251111-0406.jar -configuration c:\Users\feisa\AppData\Roaming\Code\User\globalStorage\redhat.java\1.54.0\config_win -data c:\Users\feisa\AppData\Roaming\Code\User\workspaceStorage\78bdfc1417ef1311412574369aa8d18c\redhat.java\jdt_ws --pipe=\\.\pipe\lsp-2caa41f109278042ad22dbf1d0f9b791-sock
java_class_path (initial): c:\Users\feisa\.vscode\extensions\redhat.java-1.54.0-win32-x64\server\plugins\org.eclipse.equinox.launcher_1.7.100.v20251111-0406.jar
Launcher Type: SUN_STANDARD

[Global flags]
    uintx AdaptiveSizePolicyWeight                 = 90                                        {product} {command line}
     intx CICompilerCount                          = 4                                         {product} {ergonomic}
    uintx GCTimeRatio                              = 4                                         {product} {command line}
     bool HeapDumpOnOutOfMemoryError               = true                                   {manageable} {command line}
    ccstr HeapDumpPath                             = c:\Users\feisa\AppData\Roaming\Code\User\workspaceStorage\78bdfc1417ef1311412574369aa8d18c\redhat.java         {manageable} {command line}
   size_t InitialHeapSize                          = 104857600                                 {product} {command line}
   size_t MaxHeapSize                              = 2147483648                                {product} {command line}
   size_t MaxNewSize                               = 715653120                                 {product} {ergonomic}
   size_t MinHeapDeltaBytes                        = 524288                                    {product} {ergonomic}
   size_t MinHeapSize                              = 104857600                                 {product} {command line}
   size_t NewSize                                  = 34603008                                  {product} {ergonomic}
    uintx NonNMethodCodeHeapSize                   = 5839372                                {pd product} {ergonomic}
    uintx NonProfiledCodeHeapSize                  = 122909434                              {pd product} {ergonomic}
   size_t OldSize                                  = 70254592                                  {product} {ergonomic}
    uintx ProfiledCodeHeapSize                     = 122909434                              {pd product} {ergonomic}
    uintx ReservedCodeCacheSize                    = 251658240                              {pd product} {ergonomic}
     bool SegmentedCodeCache                       = true                                      {product} {ergonomic}
   size_t SoftMaxHeapSize                          = 2147483648                             {manageable} {ergonomic}
     bool UseCompressedOops                        = true                           {product lp64_product} {ergonomic}
     bool UseLargePagesIndividualAllocation        = false                                  {pd product} {ergonomic}
     bool UseParallelGC                            = true                                      {product} {command line}

Logging:
Log output configuration:
 #0: stdout all=off uptime,level,tags foldmultilines=false
 #1: stderr all=off uptime,level,tags foldmultilines=false

Release file:
JAVA_VERSION="21.0.10" 
MODULES="java.base java.compiler java.datatransfer java.xml java.prefs java.desktop java.instrument java.logging java.management java.security.sasl java.naming java.rmi java.management.rmi java.net.http java.scripting java.security.jgss java.transaction.xa java.sql java.sql.rowset java.xml.crypto java.se java.smartcardio jdk.accessibility jdk.internal.jvmstat jdk.attach jdk.charsets jdk.internal.opt jdk.zipfs jdk.compiler jdk.crypto.ec jdk.crypto.cryptoki jdk.crypto.mscapi jdk.dynalink jdk.internal.ed jdk.editpad jdk.hotspot.agent jdk.httpserver jdk.internal.le jdk.internal.vm.ci jdk.internal.vm.compiler jdk.internal.vm.compiler.management jdk.jartool jdk.javadoc jdk.jcmd jdk.management jdk.management.agent jdk.jconsole jdk.jdeps jdk.jdwp.agent jdk.jdi jdk.jfr jdk.jshell jdk.jsobject jdk.jstatd jdk.localedata jdk.management.jfr jdk.naming.dns jdk.naming.rmi jdk.net jdk.nio.mapmode jdk.random jdk.sctp jdk.security.auth jdk.security.jgss jdk.unsupported jdk.unsupported.desktop jdk.xml.dom" 

Environment Variables:
PATH=C:\Program Files\Common Files\Oracle\Java\javapath;C:\WINDOWS\system32;C:\WINDOWS;C:\WINDOWS\System32\Wbem;C:\WINDOWS\System32\WindowsPowerShell\v1.0\;C:\WINDOWS\System32\OpenSSH\;C:\Users\feisa\AppData\Local\Microsoft\WindowsApps;C:\Users\feisa\AppData\Local\Programs\Microsoft VS Code\bin;C:\adb;C:\WINDOWS\system32;C:\WINDOWS;C:\WINDOWS\System32\Wbem;C:\WINDOWS\System32\WindowsPowerShell\v1.0\;C:\WINDOWS\System32\OpenSSH\;C:\Program Files\Git\cmd;C:\Program Files\nodejs\;C:\Program Files\Cloudflare\Cloudflare WARP\;C:\Program Files\Common Files\Oracle\Java\javapath;C:\WINDOWS\system32;C:\WINDOWS;C:\WINDOWS\System32\Wbem;C:\WINDOWS\System32\WindowsPowerShell\v1.0\;C:\WINDOWS\System32\OpenSSH\;C:\Users\feisa\AppData\Local\Microsoft\WindowsApps;C:\Users\feisa\AppData\Local\Programs\Microsoft VS Code\bin;C:\adb;C:\WINDOWS\system32;C:\WINDOWS;C:\WINDOWS\System32\Wbem;C:\WINDOWS\System32\WindowsPowerShell\v1.0\;C:\WINDOWS\System32\OpenSSH\;C:\Program Files\Git\cmd;C:\Program Files\Common Files\Oracle\Java\javapath;C:\WINDOWS\system32;C:\WINDOWS;C:\WINDOWS\System32\Wbem;C:\WINDOWS\System32\WindowsPowerShell\v1.0\;C:\WINDOWS\System32\OpenSSH\;C:\Users\feisa\AppData\Local\Microsoft\WindowsApps;C:\Users\feisa\AppData\Local\Programs\Microsoft VS Code\bin;C:\adb;C:\WINDOWS\system32;C:\WINDOWS;C:\WINDOWS\System32\Wbem;C:\WINDOWS\System32\WindowsPowerShell\v1.0\;C:\WINDOWS\System32\OpenSSH\;C:\Program Files\Git\cmd;C:\Users\feisa\AppData\Local\Programs\Python\Python313\Scripts\;C:\Users\feisa\AppData\Local\Programs\Python\Python313\;C:\Users\feisa\AppData\Roaming\npm;C:\ffmpeg-8.1.1-essentials_build\bin;C:\Users\feisa\AppData\Local\Microsoft\WinGet\Links;
USERNAME=feisa
OS=Windows_NT
PROCESSOR_IDENTIFIER=AMD64 Family 23 Model 24 Stepping 1, AuthenticAMD
TMP=C:\Users\feisa\AppData\Local\Temp
TEMP=C:\Users\feisa\AppData\Local\Temp




Periodic native trim disabled

---------------  S Y S T E M  ---------------

OS:
 Windows 11 , 64 bit Build 26100 (10.0.26100.8521)
OS uptime: 0 days 8:48 hours
Hyper-V role detected

CPU: total 8 (initial active 8) (8 cores per cpu, 2 threads per core) family 23 model 24 stepping 1 microcode 0x8108109, cx8, cmov, fxsr, ht, mmx, 3dnowpref, sse, sse2, sse3, ssse3, sse4a, sse4.1, sse4.2, popcnt, lzcnt, tsc, tscinvbit, avx, avx2, aes, clmul, bmi1, bmi2, adx, sha, fma, vzeroupper, clflush, clflushopt, hv, rdtscp, f16c
Processor Information for the first 8 processors :
  Max Mhz: 2100, Current Mhz: 2100, Mhz Limit: 2100

Memory: 4k page, system-wide physical 6081M (503M free)
TotalPageFile size 21900M (AvailPageFile size 11M)
current process WorkingSet (physical memory assigned to process): 9M, peak: 772M
current process commit charge ("private bytes"): 1110M, peak: 1115M

vm_info: OpenJDK 64-Bit Server VM (21.0.10+7-LTS) for windows-amd64 JRE (21.0.10+7-LTS), built on 2026-01-20T00:00:00Z by "admin" with MS VC++ 17.12 (VS2022)

END.
